{"numFailedTestSuites":2,"numFailedTests":5,"numPassedTestSuites":6,"numPassedTests":30,"numPendingTestSuites":0,"numPendingTests":0,"numRuntimeErrorTestSuites":0,"numTotalTestSuites":8,"numTotalTests":35,"openHandles":[],"snapshot":{"added":0,"didUpdate":false,"failure":true,"filesAdded":0,"filesRemoved":0,"filesUnmatched":1,"filesUpdated":0,"matched":9,"total":11,"unchecked":0,"uncheckedKeysByFile":[],"unmatched":2,"updated":0},"startTime":1610483196814,"success":false,"testResults":[{"assertionResults":[{"ancestorTitles":["Dropdown Unit Tests:"],"failureMessages":[],"fullName":"Dropdown Unit Tests: Dropdown test item click","location":null,"status":"passed","title":"Dropdown test item click"},{"ancestorTitles":["Storyshots","Components/ErrorBoundary"],"failureMessages":[],"fullName":"Storyshots Components/ErrorBoundary ErrorBoundary","location":null,"status":"passed","title":"ErrorBoundary"},{"ancestorTitles":["Storyshots","Components/ErrorBoundary"],"failureMessages":[],"fullName":"Storyshots Components/ErrorBoundary ErrorBoundary containerStatusError","location":null,"status":"passed","title":"ErrorBoundary containerStatusError"},{"ancestorTitles":["Storyshots","Components/ErrorBoundary"],"failureMessages":[],"fullName":"Storyshots Components/ErrorBoundary ErrorBoundary Passes","location":null,"status":"passed","title":"ErrorBoundary Passes"}],"endTime":1610483203189,"message":"","name":"/Users/calumbutler/Projects/gigantum-client/ui/src/js/components/errorBoundary/__tests__/ErrorBoundary.test.js","startTime":1610483198537,"status":"passed","summary":""},{"assertionResults":[{"ancestorTitles":["BuildProgress Unit Tests:"],"failureMessages":[],"fullName":"BuildProgress Unit Tests: BuildProgress has matching header text to props","location":null,"status":"passed","title":"BuildProgress has matching header text to props"},{"ancestorTitles":["BuildProgress Unit Tests:"],"failureMessages":[],"fullName":"BuildProgress Unit Tests: BuildProgress complete","location":null,"status":"passed","title":"BuildProgress complete"},{"ancestorTitles":["Storyshots","Components/BuildProgress"],"failureMessages":["Error: \u001b[2mexpect(\u001b[22m\u001b[38;5;23m\u001b[48;5;195mreceived\u001b[49m\u001b[39m\u001b[2m).\u001b[22mtoMatchSnapshot\u001b[2m()\u001b[22m\n\nSnapshot name: `Storyshots Components/BuildProgress BuildProgress Default 1`\n\n\u001b[38;5;90m\u001b[48;5;225m- Snapshot  - 2\u001b[49m\u001b[39m\n\u001b[38;5;23m\u001b[48;5;195m+ Received  + 2\u001b[49m\u001b[39m\n\n\u001b[33m@@ -40,11 +40,11 @@\u001b[39m\n\u001b[2m          messageStack={\u001b[22m\n\u001b[2m            Array [\u001b[22m\n\u001b[2m              Object {\u001b[22m\n\u001b[2m                \"buildProgress\": true,\u001b[22m\n\u001b[2m                \"className\": \"FooterMessage\",\u001b[22m\n\u001b[38;5;90m\u001b[48;5;225m-               \"date\": 2021-01-12T00:52:52.633Z,\u001b[49m\u001b[39m\n\u001b[38;5;23m\u001b[48;5;195m+               \"date\": 2021-01-12T20:26:43.300Z,\u001b[49m\u001b[39m\n\u001b[2m                \"dismissed\": false,\u001b[22m\n\u001b[2m                \"error\": null,\u001b[22m\n\u001b[2m                \"id\": \"id\",\u001b[22m\n\u001b[2m                \"isLast\": true,\u001b[22m\n\u001b[2m                \"isMultiPart\": true,\u001b[22m\n\u001b[33m@@ -130,11 +130,11 @@\u001b[39m\n\u001b[2m          messageStackHistory={\u001b[22m\n\u001b[2m            Array [\u001b[22m\n\u001b[2m              Object {\u001b[22m\n\u001b[2m                \"buildProgress\": true,\u001b[22m\n\u001b[2m                \"className\": \"FooterMessage\",\u001b[22m\n\u001b[38;5;90m\u001b[48;5;225m-               \"date\": 2021-01-12T00:52:52.633Z,\u001b[49m\u001b[39m\n\u001b[38;5;23m\u001b[48;5;195m+               \"date\": 2021-01-12T20:26:43.300Z,\u001b[49m\u001b[39m\n\u001b[2m                \"dismissed\": false,\u001b[22m\n\u001b[2m                \"error\": null,\u001b[22m\n\u001b[2m                \"id\": \"id\",\u001b[22m\n\u001b[2m                \"isLast\": true,\u001b[22m\n\u001b[2m                \"isMultiPart\": true,\u001b[22m\n    at test (/Users/calumbutler/Projects/gigantum-client/ui/src/js/components/buildProgress/__tests__/BuildProgress.test.js:29:35)\n    at Object.<anonymous> (/Users/calumbutler/Projects/gigantum-client/ui/node_modules/@storybook/addon-storyshots/dist/api/snapshotsTestsTemplate.js:42:20)\n    at Object.asyncJestTest (/Users/calumbutler/Projects/gigantum-client/ui/node_modules/jest-jasmine2/build/jasmine_async.js:108:37)\n    at /Users/calumbutler/Projects/gigantum-client/ui/node_modules/jest-jasmine2/build/queue_runner.js:56:12\n    at new Promise (<anonymous>)\n    at mapper (/Users/calumbutler/Projects/gigantum-client/ui/node_modules/jest-jasmine2/build/queue_runner.js:43:19)\n    at /Users/calumbutler/Projects/gigantum-client/ui/node_modules/jest-jasmine2/build/queue_runner.js:87:41\n    at processTicksAndRejections (internal/process/task_queues.js:93:5)"],"fullName":"Storyshots Components/BuildProgress BuildProgress Default","location":null,"status":"failed","title":"BuildProgress Default"},{"ancestorTitles":["Storyshots","Components/BuildProgress"],"failureMessages":["Error: \u001b[2mexpect(\u001b[22m\u001b[38;5;23m\u001b[48;5;195mreceived\u001b[49m\u001b[39m\u001b[2m).\u001b[22mtoMatchSnapshot\u001b[2m()\u001b[22m\n\nSnapshot name: `Storyshots Components/BuildProgress BuildProgress Complete 1`\n\n\u001b[38;5;90m\u001b[48;5;225m- Snapshot  - 2\u001b[49m\u001b[39m\n\u001b[38;5;23m\u001b[48;5;195m+ Received  + 2\u001b[49m\u001b[39m\n\n\u001b[33m@@ -40,11 +40,11 @@\u001b[39m\n\u001b[2m          messageStack={\u001b[22m\n\u001b[2m            Array [\u001b[22m\n\u001b[2m              Object {\u001b[22m\n\u001b[2m                \"buildProgress\": true,\u001b[22m\n\u001b[2m                \"className\": \"FooterMessage\",\u001b[22m\n\u001b[38;5;90m\u001b[48;5;225m-               \"date\": 2021-01-12T00:52:52.664Z,\u001b[49m\u001b[39m\n\u001b[38;5;23m\u001b[48;5;195m+               \"date\": 2021-01-12T20:26:43.340Z,\u001b[49m\u001b[39m\n\u001b[2m                \"dismissed\": false,\u001b[22m\n\u001b[2m                \"error\": null,\u001b[22m\n\u001b[2m                \"id\": \"id\",\u001b[22m\n\u001b[2m                \"isLast\": true,\u001b[22m\n\u001b[2m                \"isMultiPart\": true,\u001b[22m\n\u001b[33m@@ -130,11 +130,11 @@\u001b[39m\n\u001b[2m          messageStackHistory={\u001b[22m\n\u001b[2m            Array [\u001b[22m\n\u001b[2m              Object {\u001b[22m\n\u001b[2m                \"buildProgress\": true,\u001b[22m\n\u001b[2m                \"className\": \"FooterMessage\",\u001b[22m\n\u001b[38;5;90m\u001b[48;5;225m-               \"date\": 2021-01-12T00:52:52.664Z,\u001b[49m\u001b[39m\n\u001b[38;5;23m\u001b[48;5;195m+               \"date\": 2021-01-12T20:26:43.340Z,\u001b[49m\u001b[39m\n\u001b[2m                \"dismissed\": false,\u001b[22m\n\u001b[2m                \"error\": null,\u001b[22m\n\u001b[2m                \"id\": \"id\",\u001b[22m\n\u001b[2m                \"isLast\": true,\u001b[22m\n\u001b[2m                \"isMultiPart\": true,\u001b[22m\n    at test (/Users/calumbutler/Projects/gigantum-client/ui/src/js/components/buildProgress/__tests__/BuildProgress.test.js:29:35)\n    at Object.<anonymous> (/Users/calumbutler/Projects/gigantum-client/ui/node_modules/@storybook/addon-storyshots/dist/api/snapshotsTestsTemplate.js:42:20)\n    at Object.asyncJestTest (/Users/calumbutler/Projects/gigantum-client/ui/node_modules/jest-jasmine2/build/jasmine_async.js:108:37)\n    at /Users/calumbutler/Projects/gigantum-client/ui/node_modules/jest-jasmine2/build/queue_runner.js:56:12\n    at new Promise (<anonymous>)\n    at mapper (/Users/calumbutler/Projects/gigantum-client/ui/node_modules/jest-jasmine2/build/queue_runner.js:43:19)\n    at /Users/calumbutler/Projects/gigantum-client/ui/node_modules/jest-jasmine2/build/queue_runner.js:87:41\n    at processTicksAndRejections (internal/process/task_queues.js:93:5)"],"fullName":"Storyshots Components/BuildProgress BuildProgress Complete","location":null,"status":"failed","title":"BuildProgress Complete"}],"endTime":1610483203380,"message":"\u001b[1m\u001b[31m  \u001b[1m● \u001b[1mStoryshots › Components/BuildProgress › BuildProgress Default\u001b[39m\u001b[22m\n\n    \u001b[2mexpect(\u001b[22m\u001b[38;5;23m\u001b[48;5;195mreceived\u001b[49m\u001b[39m\u001b[2m).\u001b[22mtoMatchSnapshot\u001b[2m()\u001b[22m\n\n    Snapshot name: `Storyshots Components/BuildProgress BuildProgress Default 1`\n\n    \u001b[38;5;90m\u001b[48;5;225m- Snapshot  - 2\u001b[49m\u001b[39m\n    \u001b[38;5;23m\u001b[48;5;195m+ Received  + 2\u001b[49m\u001b[39m\n\n    \u001b[33m@@ -40,11 +40,11 @@\u001b[39m\n    \u001b[2m          messageStack={\u001b[22m\n    \u001b[2m            Array [\u001b[22m\n    \u001b[2m              Object {\u001b[22m\n    \u001b[2m                \"buildProgress\": true,\u001b[22m\n    \u001b[2m                \"className\": \"FooterMessage\",\u001b[22m\n    \u001b[38;5;90m\u001b[48;5;225m-               \"date\": 2021-01-12T00:52:52.633Z,\u001b[49m\u001b[39m\n    \u001b[38;5;23m\u001b[48;5;195m+               \"date\": 2021-01-12T20:26:43.300Z,\u001b[49m\u001b[39m\n    \u001b[2m                \"dismissed\": false,\u001b[22m\n    \u001b[2m                \"error\": null,\u001b[22m\n    \u001b[2m                \"id\": \"id\",\u001b[22m\n    \u001b[2m                \"isLast\": true,\u001b[22m\n    \u001b[2m                \"isMultiPart\": true,\u001b[22m\n    \u001b[33m@@ -130,11 +130,11 @@\u001b[39m\n    \u001b[2m          messageStackHistory={\u001b[22m\n    \u001b[2m            Array [\u001b[22m\n    \u001b[2m              Object {\u001b[22m\n    \u001b[2m                \"buildProgress\": true,\u001b[22m\n    \u001b[2m                \"className\": \"FooterMessage\",\u001b[22m\n    \u001b[38;5;90m\u001b[48;5;225m-               \"date\": 2021-01-12T00:52:52.633Z,\u001b[49m\u001b[39m\n    \u001b[38;5;23m\u001b[48;5;195m+               \"date\": 2021-01-12T20:26:43.300Z,\u001b[49m\u001b[39m\n    \u001b[2m                \"dismissed\": false,\u001b[22m\n    \u001b[2m                \"error\": null,\u001b[22m\n    \u001b[2m                \"id\": \"id\",\u001b[22m\n    \u001b[2m                \"isLast\": true,\u001b[22m\n    \u001b[2m                \"isMultiPart\": true,\u001b[22m\n\u001b[2m\u001b[22m\n\u001b[2m    \u001b[0m \u001b[90m 27 | \u001b[39m\u001b[0m\u001b[22m\n\u001b[2m    \u001b[0m \u001b[90m 28 | \u001b[39m    \u001b[36mif\u001b[39m (snapshotFileName) {\u001b[0m\u001b[22m\n\u001b[2m    \u001b[0m\u001b[31m\u001b[1m>\u001b[2m\u001b[39m\u001b[90m 29 | \u001b[39m      expect(toJson(shallowTree))\u001b[33m.\u001b[39mtoMatchSpecificSnapshot(snapshotFileName)\u001b[33m;\u001b[39m\u001b[0m\u001b[22m\n\u001b[2m    \u001b[0m \u001b[90m    | \u001b[39m                                  \u001b[31m\u001b[1m^\u001b[2m\u001b[39m\u001b[0m\u001b[22m\n\u001b[2m    \u001b[0m \u001b[90m 30 | \u001b[39m    }\u001b[0m\u001b[22m\n\u001b[2m    \u001b[0m \u001b[90m 31 | \u001b[39m  }\u001b[33m,\u001b[39m\u001b[0m\u001b[22m\n\u001b[2m    \u001b[0m \u001b[90m 32 | \u001b[39m})\u001b[33m;\u001b[39m\u001b[0m\u001b[22m\n\u001b[2m\u001b[22m\n\u001b[2m      \u001b[2mat test (\u001b[2m\u001b[0m\u001b[36msrc/js/components/buildProgress/__tests__/BuildProgress.test.js\u001b[39m\u001b[0m\u001b[2m:29:35)\u001b[2m\u001b[22m\n\u001b[2m      \u001b[2mat Object.<anonymous> (\u001b[2m\u001b[0m\u001b[36mnode_modules/@storybook/addon-storyshots/dist/api/snapshotsTestsTemplate.js\u001b[39m\u001b[0m\u001b[2m:42:20)\u001b[2m\u001b[22m\n\n\u001b[1m\u001b[31m  \u001b[1m● \u001b[1mStoryshots › Components/BuildProgress › BuildProgress Complete\u001b[39m\u001b[22m\n\n    \u001b[2mexpect(\u001b[22m\u001b[38;5;23m\u001b[48;5;195mreceived\u001b[49m\u001b[39m\u001b[2m).\u001b[22mtoMatchSnapshot\u001b[2m()\u001b[22m\n\n    Snapshot name: `Storyshots Components/BuildProgress BuildProgress Complete 1`\n\n    \u001b[38;5;90m\u001b[48;5;225m- Snapshot  - 2\u001b[49m\u001b[39m\n    \u001b[38;5;23m\u001b[48;5;195m+ Received  + 2\u001b[49m\u001b[39m\n\n    \u001b[33m@@ -40,11 +40,11 @@\u001b[39m\n    \u001b[2m          messageStack={\u001b[22m\n    \u001b[2m            Array [\u001b[22m\n    \u001b[2m              Object {\u001b[22m\n    \u001b[2m                \"buildProgress\": true,\u001b[22m\n    \u001b[2m                \"className\": \"FooterMessage\",\u001b[22m\n    \u001b[38;5;90m\u001b[48;5;225m-               \"date\": 2021-01-12T00:52:52.664Z,\u001b[49m\u001b[39m\n    \u001b[38;5;23m\u001b[48;5;195m+               \"date\": 2021-01-12T20:26:43.340Z,\u001b[49m\u001b[39m\n    \u001b[2m                \"dismissed\": false,\u001b[22m\n    \u001b[2m                \"error\": null,\u001b[22m\n    \u001b[2m                \"id\": \"id\",\u001b[22m\n    \u001b[2m                \"isLast\": true,\u001b[22m\n    \u001b[2m                \"isMultiPart\": true,\u001b[22m\n    \u001b[33m@@ -130,11 +130,11 @@\u001b[39m\n    \u001b[2m          messageStackHistory={\u001b[22m\n    \u001b[2m            Array [\u001b[22m\n    \u001b[2m              Object {\u001b[22m\n    \u001b[2m                \"buildProgress\": true,\u001b[22m\n    \u001b[2m                \"className\": \"FooterMessage\",\u001b[22m\n    \u001b[38;5;90m\u001b[48;5;225m-               \"date\": 2021-01-12T00:52:52.664Z,\u001b[49m\u001b[39m\n    \u001b[38;5;23m\u001b[48;5;195m+               \"date\": 2021-01-12T20:26:43.340Z,\u001b[49m\u001b[39m\n    \u001b[2m                \"dismissed\": false,\u001b[22m\n    \u001b[2m                \"error\": null,\u001b[22m\n    \u001b[2m                \"id\": \"id\",\u001b[22m\n    \u001b[2m                \"isLast\": true,\u001b[22m\n    \u001b[2m                \"isMultiPart\": true,\u001b[22m\n\u001b[2m\u001b[22m\n\u001b[2m    \u001b[0m \u001b[90m 27 | \u001b[39m\u001b[0m\u001b[22m\n\u001b[2m    \u001b[0m \u001b[90m 28 | \u001b[39m    \u001b[36mif\u001b[39m (snapshotFileName) {\u001b[0m\u001b[22m\n\u001b[2m    \u001b[0m\u001b[31m\u001b[1m>\u001b[2m\u001b[39m\u001b[90m 29 | \u001b[39m      expect(toJson(shallowTree))\u001b[33m.\u001b[39mtoMatchSpecificSnapshot(snapshotFileName)\u001b[33m;\u001b[39m\u001b[0m\u001b[22m\n\u001b[2m    \u001b[0m \u001b[90m    | \u001b[39m                                  \u001b[31m\u001b[1m^\u001b[2m\u001b[39m\u001b[0m\u001b[22m\n\u001b[2m    \u001b[0m \u001b[90m 30 | \u001b[39m    }\u001b[0m\u001b[22m\n\u001b[2m    \u001b[0m \u001b[90m 31 | \u001b[39m  }\u001b[33m,\u001b[39m\u001b[0m\u001b[22m\n\u001b[2m    \u001b[0m \u001b[90m 32 | \u001b[39m})\u001b[33m;\u001b[39m\u001b[0m\u001b[22m\n\u001b[2m\u001b[22m\n\u001b[2m      \u001b[2mat test (\u001b[2m\u001b[0m\u001b[36msrc/js/components/buildProgress/__tests__/BuildProgress.test.js\u001b[39m\u001b[0m\u001b[2m:29:35)\u001b[2m\u001b[22m\n\u001b[2m      \u001b[2mat Object.<anonymous> (\u001b[2m\u001b[0m\u001b[36mnode_modules/@storybook/addon-storyshots/dist/api/snapshotsTestsTemplate.js\u001b[39m\u001b[0m\u001b[2m:42:20)\u001b[2m\u001b[22m\n","name":"/Users/calumbutler/Projects/gigantum-client/ui/src/js/components/buildProgress/__tests__/BuildProgress.test.js","startTime":1610483198684,"status":"failed","summary":""},{"assertionResults":[{"ancestorTitles":["BuildProgress Unit Tests:"],"failureMessages":[],"fullName":"BuildProgress Unit Tests: ButtonLoader text is equal to value in props","location":null,"status":"passed","title":"ButtonLoader text is equal to value in props"},{"ancestorTitles":["BuildProgress Unit Tests:"],"failureMessages":[],"fullName":"BuildProgress Unit Tests: ButtonLoader calls clicked when clicked","location":null,"status":"passed","title":"ButtonLoader calls clicked when clicked"},{"ancestorTitles":["BuildProgress Unit Tests:"],"failureMessages":[],"fullName":"BuildProgress Unit Tests: ButtonLoader text when finished is a check mark","location":null,"status":"passed","title":"ButtonLoader text when finished is a check mark"},{"ancestorTitles":["Storyshots","Components/ButtonLoader"],"failureMessages":[],"fullName":"Storyshots Components/ButtonLoader ButtonLoader Snapshot","location":null,"status":"passed","title":"ButtonLoader Snapshot"}],"endTime":1610483203510,"message":"","name":"/Users/calumbutler/Projects/gigantum-client/ui/src/js/components/buttonLoader/__tests__/ButtonLoader.test.js","startTime":1610483198822,"status":"passed","summary":""},{"assertionResults":[{"ancestorTitles":["AdvancedSearch Unit Tests:"],"failureMessages":[],"fullName":"AdvancedSearch Unit Tests: Category test","location":null,"status":"passed","title":"Category test"},{"ancestorTitles":["AdvancedSearch Unit Tests:"],"failureMessages":[],"fullName":"AdvancedSearch Unit Tests: Category test toggle tooltip","location":null,"status":"passed","title":"Category test toggle tooltip"},{"ancestorTitles":["AdvancedSearch Unit Tests:"],"failureMessages":[],"fullName":"AdvancedSearch Unit Tests: Category test toggle tooltip","location":null,"status":"passed","title":"Category test toggle tooltip"},{"ancestorTitles":["Storyshots","Components/AdvancedSearch/Category"],"failureMessages":[],"fullName":"Storyshots Components/AdvancedSearch/Category Category Default","location":null,"status":"passed","title":"Category Default"}],"endTime":1610483203546,"message":"","name":"/Users/calumbutler/Projects/gigantum-client/ui/src/js/components/advancedSearch/category/__tests__/Category.test.js","startTime":1610483198688,"status":"passed","summary":""},{"assertionResults":[{"ancestorTitles":["AdvancedSearch Unit Tests:"],"failureMessages":[],"fullName":"AdvancedSearch Unit Tests: AdvancedSearch has 3 sections","location":null,"status":"passed","title":"AdvancedSearch has 3 sections"},{"ancestorTitles":["AdvancedSearch Unit Tests:"],"failureMessages":[],"fullName":"AdvancedSearch Unit Tests: AdvancedSearch","location":null,"status":"passed","title":"AdvancedSearch"},{"ancestorTitles":["AdvancedSearch Unit Tests:"],"failureMessages":[],"fullName":"AdvancedSearch Unit Tests: AdvancedSearch react tags focuses on click","location":null,"status":"passed","title":"AdvancedSearch react tags focuses on click"},{"ancestorTitles":["AdvancedSearch Unit Tests:"],"failureMessages":[],"fullName":"AdvancedSearch Unit Tests: AdvancedSearch tag addition","location":null,"status":"passed","title":"AdvancedSearch tag addition"},{"ancestorTitles":["AdvancedSearch Unit Tests:"],"failureMessages":[],"fullName":"AdvancedSearch Unit Tests: AdvancedSearch tag deletion","location":null,"status":"passed","title":"AdvancedSearch tag deletion"},{"ancestorTitles":["AdvancedSearch Unit Tests:"],"failureMessages":[],"fullName":"AdvancedSearch Unit Tests: AdvancedSearch tag addition from list","location":null,"status":"passed","title":"AdvancedSearch tag addition from list"},{"ancestorTitles":["AdvancedSearch Unit Tests:"],"failureMessages":[],"fullName":"AdvancedSearch Unit Tests: AdvancedSearch tag deletion with list item","location":null,"status":"passed","title":"AdvancedSearch tag deletion with list item"},{"ancestorTitles":["AdvancedSearch Unit Tests:"],"failureMessages":[],"fullName":"AdvancedSearch Unit Tests: AdvancedSearch tag deletion with list item","location":null,"status":"passed","title":"AdvancedSearch tag deletion with list item"},{"ancestorTitles":["AdvancedSearch Unit Tests:"],"failureMessages":[],"fullName":"AdvancedSearch Unit Tests: AdvancedSearch unmount","location":null,"status":"passed","title":"AdvancedSearch unmount"},{"ancestorTitles":["Storyshots","Components/AdvancedSearch Snapshots:"],"failureMessages":[],"fullName":"Storyshots Components/AdvancedSearch Snapshots: AdvancedSearch Default","location":null,"status":"passed","title":"AdvancedSearch Default"},{"ancestorTitles":["Storyshots","Components/AdvancedSearch Snapshots:"],"failureMessages":[],"fullName":"Storyshots Components/AdvancedSearch Snapshots: AdvancedSearch Packages","location":null,"status":"passed","title":"AdvancedSearch Packages"}],"endTime":1610483203731,"message":"","name":"/Users/calumbutler/Projects/gigantum-client/ui/src/js/components/advancedSearch/__tests__/AdvancedSearch.test.js","startTime":1610483198908,"status":"passed","summary":""},{"assertionResults":[{"ancestorTitles":["Helper Unit Tests:"],"failureMessages":["Invariant Violation: Could not find \"store\" in the context of \"Connect(Helper)\". Either wrap the root component in a <Provider>, or pass a custom React context provider to <Provider> and the corresponding React context consumer to Connect(Helper) in connect options.\n    at invariant (/Users/calumbutler/Projects/gigantum-client/ui/node_modules/invariant/invariant.js:40:15)\n    at Connect.renderWrappedComponent (/Users/calumbutler/Projects/gigantum-client/ui/node_modules/react-redux/lib/components/connectAdvanced.js:172:32)\n    at Connect.indirectRenderWrappedComponent (/Users/calumbutler/Projects/gigantum-client/ui/node_modules/react-redux/lib/components/connectAdvanced.js:168:21)\n    at updateContextConsumer (/Users/calumbutler/Projects/gigantum-client/ui/node_modules/react-dom/cjs/react-dom.development.js:18304:19)\n    at beginWork (/Users/calumbutler/Projects/gigantum-client/ui/node_modules/react-dom/cjs/react-dom.development.js:18661:14)\n    at HTMLUnknownElement.callCallback (/Users/calumbutler/Projects/gigantum-client/ui/node_modules/react-dom/cjs/react-dom.development.js:188:14)\n    at invokeEventListeners (/Users/calumbutler/Projects/gigantum-client/ui/node_modules/jest-environment-jsdom/node_modules/jsdom/lib/jsdom/living/events/EventTarget-impl.js:193:27)\n    at HTMLUnknownElementImpl._dispatch (/Users/calumbutler/Projects/gigantum-client/ui/node_modules/jest-environment-jsdom/node_modules/jsdom/lib/jsdom/living/events/EventTarget-impl.js:119:9)\n    at HTMLUnknownElementImpl.dispatchEvent (/Users/calumbutler/Projects/gigantum-client/ui/node_modules/jest-environment-jsdom/node_modules/jsdom/lib/jsdom/living/events/EventTarget-impl.js:82:17)\n    at HTMLUnknownElementImpl.dispatchEvent (/Users/calumbutler/Projects/gigantum-client/ui/node_modules/jest-environment-jsdom/node_modules/jsdom/lib/jsdom/living/nodes/HTMLElement-impl.js:30:27)\n    at HTMLUnknownElement.dispatchEvent (/Users/calumbutler/Projects/gigantum-client/ui/node_modules/jest-environment-jsdom/node_modules/jsdom/lib/jsdom/living/generated/EventTarget.js:157:21)\n    at Object.invokeGuardedCallbackDev (/Users/calumbutler/Projects/gigantum-client/ui/node_modules/react-dom/cjs/react-dom.development.js:237:16)\n    at invokeGuardedCallback (/Users/calumbutler/Projects/gigantum-client/ui/node_modules/react-dom/cjs/react-dom.development.js:292:31)\n    at beginWork$1 (/Users/calumbutler/Projects/gigantum-client/ui/node_modules/react-dom/cjs/react-dom.development.js:23203:7)\n    at performUnitOfWork (/Users/calumbutler/Projects/gigantum-client/ui/node_modules/react-dom/cjs/react-dom.development.js:22157:12)\n    at workLoopSync (/Users/calumbutler/Projects/gigantum-client/ui/node_modules/react-dom/cjs/react-dom.development.js:22130:22)\n    at performSyncWorkOnRoot (/Users/calumbutler/Projects/gigantum-client/ui/node_modules/react-dom/cjs/react-dom.development.js:21756:9)\n    at scheduleUpdateOnFiber (/Users/calumbutler/Projects/gigantum-client/ui/node_modules/react-dom/cjs/react-dom.development.js:21188:7)\n    at updateContainer (/Users/calumbutler/Projects/gigantum-client/ui/node_modules/react-dom/cjs/react-dom.development.js:24373:3)\n    at /Users/calumbutler/Projects/gigantum-client/ui/node_modules/react-dom/cjs/react-dom.development.js:24758:7\n    at unbatchedUpdates (/Users/calumbutler/Projects/gigantum-client/ui/node_modules/react-dom/cjs/react-dom.development.js:21903:12)\n    at legacyRenderSubtreeIntoContainer (/Users/calumbutler/Projects/gigantum-client/ui/node_modules/react-dom/cjs/react-dom.development.js:24757:5)\n    at Object.render (/Users/calumbutler/Projects/gigantum-client/ui/node_modules/react-dom/cjs/react-dom.development.js:24840:10)\n    at Object.render (/Users/calumbutler/Projects/gigantum-client/ui/node_modules/enzyme-adapter-react-16/build/ReactSixteenAdapter.js:367:114)\n    at new ReactWrapper (/Users/calumbutler/Projects/gigantum-client/ui/node_modules/enzyme/build/ReactWrapper.js:134:16)\n    at mount (/Users/calumbutler/Projects/gigantum-client/ui/node_modules/enzyme/build/mount.js:21:10)\n    at Suite.<anonymous> (/Users/calumbutler/Projects/gigantum-client/ui/src/js/components/helper/__tests__/Helper.stories.jsx:40:18)\n    at addSpecsToSuite (/Users/calumbutler/Projects/gigantum-client/ui/node_modules/jest-jasmine2/build/jasmine/Env.js:339:25)\n    at Env.describe (/Users/calumbutler/Projects/gigantum-client/ui/node_modules/jest-jasmine2/build/jasmine/Env.js:308:7)\n    at describe (/Users/calumbutler/Projects/gigantum-client/ui/node_modules/jest-jasmine2/build/jasmine/jasmine_light.js:99:18)\n    at Object.<anonymous> (/Users/calumbutler/Projects/gigantum-client/ui/src/js/components/helper/__tests__/Helper.stories.jsx:39:1)\n    at Runtime._execModule (/Users/calumbutler/Projects/gigantum-client/ui/node_modules/jest-cli/node_modules/jest-runtime/build/index.js:694:13)\n    at Runtime.requireModule (/Users/calumbutler/Projects/gigantum-client/ui/node_modules/jest-cli/node_modules/jest-runtime/build/index.js:376:14)\n    at Object.configure [as default] (/Users/calumbutler/Projects/gigantum-client/ui/node_modules/@storybook/addon-storyshots/dist/frameworks/configure.js:75:23)\n    at Object.load (/Users/calumbutler/Projects/gigantum-client/ui/node_modules/@storybook/addon-storyshots/dist/frameworks/react/loader.js:24:24)\n    at Object.loadFramework [as default] (/Users/calumbutler/Projects/gigantum-client/ui/node_modules/@storybook/addon-storyshots/dist/frameworks/frameworkLoader.js:26:19)\n    at testStorySnapshots (/Users/calumbutler/Projects/gigantum-client/ui/node_modules/@storybook/addon-storyshots/dist/api/index.js:60:39)\n    at Object.<anonymous> (/Users/calumbutler/Projects/gigantum-client/ui/src/js/components/helper/__tests__/Helper.test.js:20:1)\n    at Runtime._execModule (/Users/calumbutler/Projects/gigantum-client/ui/node_modules/jest-cli/node_modules/jest-runtime/build/index.js:694:13)\n    at Runtime.requireModule (/Users/calumbutler/Projects/gigantum-client/ui/node_modules/jest-cli/node_modules/jest-runtime/build/index.js:376:14)\n    at /Users/calumbutler/Projects/gigantum-client/ui/node_modules/jest-jasmine2/build/index.js:129:13\n    at Generator.next (<anonymous>)\n    at step (/Users/calumbutler/Projects/gigantum-client/ui/node_modules/jest-jasmine2/build/index.js:170:30)\n    at /Users/calumbutler/Projects/gigantum-client/ui/node_modules/jest-jasmine2/build/index.js:189:14\n    at new Promise (<anonymous>)\n    at /Users/calumbutler/Projects/gigantum-client/ui/node_modules/jest-jasmine2/build/index.js:167:12\n    at jasmine2 (/Users/calumbutler/Projects/gigantum-client/ui/node_modules/jest-jasmine2/build/index.js:138:17)\n    at /Users/calumbutler/Projects/gigantum-client/ui/node_modules/jest-cli/node_modules/jest-runner/build/run_test.js:187:24\n    at Generator.next (<anonymous>)\n    at step (/Users/calumbutler/Projects/gigantum-client/ui/node_modules/jest-cli/node_modules/jest-runner/build/run_test.js:315:30)\n    at /Users/calumbutler/Projects/gigantum-client/ui/node_modules/jest-cli/node_modules/jest-runner/build/run_test.js:326:15\n    at processTicksAndRejections (internal/process/task_queues.js:93:5)"],"fullName":"Helper Unit Tests: encountered a declaration exception","location":null,"status":"failed","title":"encountered a declaration exception"},{"ancestorTitles":["Storyshots","Components/Helper Snapshots:"],"failureMessages":["Invariant Violation: Could not find \"store\" in the context of \"Connect(Helper)\". Either wrap the root component in a <Provider>, or pass a custom React context provider to <Provider> and the corresponding React context consumer to Connect(Helper) in connect options.\n    at invariant (/Users/calumbutler/Projects/gigantum-client/ui/node_modules/invariant/invariant.js:40:15)\n    at Connect.renderWrappedComponent (/Users/calumbutler/Projects/gigantum-client/ui/node_modules/react-redux/lib/components/connectAdvanced.js:172:32)\n    at Connect.indirectRenderWrappedComponent (/Users/calumbutler/Projects/gigantum-client/ui/node_modules/react-redux/lib/components/connectAdvanced.js:168:21)\n    at updateContextConsumer (/Users/calumbutler/Projects/gigantum-client/ui/node_modules/react-dom/cjs/react-dom.development.js:18304:19)\n    at beginWork (/Users/calumbutler/Projects/gigantum-client/ui/node_modules/react-dom/cjs/react-dom.development.js:18661:14)\n    at HTMLUnknownElement.callCallback (/Users/calumbutler/Projects/gigantum-client/ui/node_modules/react-dom/cjs/react-dom.development.js:188:14)\n    at invokeEventListeners (/Users/calumbutler/Projects/gigantum-client/ui/node_modules/jest-environment-jsdom/node_modules/jsdom/lib/jsdom/living/events/EventTarget-impl.js:193:27)\n    at HTMLUnknownElementImpl._dispatch (/Users/calumbutler/Projects/gigantum-client/ui/node_modules/jest-environment-jsdom/node_modules/jsdom/lib/jsdom/living/events/EventTarget-impl.js:119:9)\n    at HTMLUnknownElementImpl.dispatchEvent (/Users/calumbutler/Projects/gigantum-client/ui/node_modules/jest-environment-jsdom/node_modules/jsdom/lib/jsdom/living/events/EventTarget-impl.js:82:17)\n    at HTMLUnknownElementImpl.dispatchEvent (/Users/calumbutler/Projects/gigantum-client/ui/node_modules/jest-environment-jsdom/node_modules/jsdom/lib/jsdom/living/nodes/HTMLElement-impl.js:30:27)\n    at HTMLUnknownElement.dispatchEvent (/Users/calumbutler/Projects/gigantum-client/ui/node_modules/jest-environment-jsdom/node_modules/jsdom/lib/jsdom/living/generated/EventTarget.js:157:21)\n    at Object.invokeGuardedCallbackDev (/Users/calumbutler/Projects/gigantum-client/ui/node_modules/react-dom/cjs/react-dom.development.js:237:16)\n    at invokeGuardedCallback (/Users/calumbutler/Projects/gigantum-client/ui/node_modules/react-dom/cjs/react-dom.development.js:292:31)\n    at beginWork$1 (/Users/calumbutler/Projects/gigantum-client/ui/node_modules/react-dom/cjs/react-dom.development.js:23203:7)\n    at performUnitOfWork (/Users/calumbutler/Projects/gigantum-client/ui/node_modules/react-dom/cjs/react-dom.development.js:22157:12)\n    at workLoopSync (/Users/calumbutler/Projects/gigantum-client/ui/node_modules/react-dom/cjs/react-dom.development.js:22130:22)\n    at performSyncWorkOnRoot (/Users/calumbutler/Projects/gigantum-client/ui/node_modules/react-dom/cjs/react-dom.development.js:21756:9)\n    at scheduleUpdateOnFiber (/Users/calumbutler/Projects/gigantum-client/ui/node_modules/react-dom/cjs/react-dom.development.js:21188:7)\n    at updateContainer (/Users/calumbutler/Projects/gigantum-client/ui/node_modules/react-dom/cjs/react-dom.development.js:24373:3)\n    at /Users/calumbutler/Projects/gigantum-client/ui/node_modules/react-dom/cjs/react-dom.development.js:24758:7\n    at unbatchedUpdates (/Users/calumbutler/Projects/gigantum-client/ui/node_modules/react-dom/cjs/react-dom.development.js:21903:12)\n    at legacyRenderSubtreeIntoContainer (/Users/calumbutler/Projects/gigantum-client/ui/node_modules/react-dom/cjs/react-dom.development.js:24757:5)\n    at Object.render (/Users/calumbutler/Projects/gigantum-client/ui/node_modules/react-dom/cjs/react-dom.development.js:24840:10)\n    at Object.render (/Users/calumbutler/Projects/gigantum-client/ui/node_modules/enzyme-adapter-react-16/build/ReactSixteenAdapter.js:367:114)\n    at new ReactWrapper (/Users/calumbutler/Projects/gigantum-client/ui/node_modules/enzyme/build/ReactWrapper.js:134:16)\n    at mount (/Users/calumbutler/Projects/gigantum-client/ui/node_modules/enzyme/build/mount.js:21:10)\n    at test (/Users/calumbutler/Projects/gigantum-client/ui/src/js/components/helper/__tests__/Helper.test.js:26:25)\n    at Object.<anonymous> (/Users/calumbutler/Projects/gigantum-client/ui/node_modules/@storybook/addon-storyshots/dist/api/snapshotsTestsTemplate.js:42:20)\n    at Object.asyncJestTest (/Users/calumbutler/Projects/gigantum-client/ui/node_modules/jest-jasmine2/build/jasmine_async.js:108:37)\n    at /Users/calumbutler/Projects/gigantum-client/ui/node_modules/jest-jasmine2/build/queue_runner.js:56:12\n    at new Promise (<anonymous>)\n    at mapper (/Users/calumbutler/Projects/gigantum-client/ui/node_modules/jest-jasmine2/build/queue_runner.js:43:19)\n    at /Users/calumbutler/Projects/gigantum-client/ui/node_modules/jest-jasmine2/build/queue_runner.js:87:41\n    at processTicksAndRejections (internal/process/task_queues.js:93:5)"],"fullName":"Storyshots Components/Helper Snapshots: Helper Default","location":null,"status":"failed","title":"Helper Default"},{"ancestorTitles":["Storyshots","Components/Helper Snapshots:"],"failureMessages":["Invariant Violation: Could not find \"store\" in the context of \"Connect(Helper)\". Either wrap the root component in a <Provider>, or pass a custom React context provider to <Provider> and the corresponding React context consumer to Connect(Helper) in connect options.\n    at invariant (/Users/calumbutler/Projects/gigantum-client/ui/node_modules/invariant/invariant.js:40:15)\n    at Connect.renderWrappedComponent (/Users/calumbutler/Projects/gigantum-client/ui/node_modules/react-redux/lib/components/connectAdvanced.js:172:32)\n    at Connect.indirectRenderWrappedComponent (/Users/calumbutler/Projects/gigantum-client/ui/node_modules/react-redux/lib/components/connectAdvanced.js:168:21)\n    at updateContextConsumer (/Users/calumbutler/Projects/gigantum-client/ui/node_modules/react-dom/cjs/react-dom.development.js:18304:19)\n    at beginWork (/Users/calumbutler/Projects/gigantum-client/ui/node_modules/react-dom/cjs/react-dom.development.js:18661:14)\n    at HTMLUnknownElement.callCallback (/Users/calumbutler/Projects/gigantum-client/ui/node_modules/react-dom/cjs/react-dom.development.js:188:14)\n    at invokeEventListeners (/Users/calumbutler/Projects/gigantum-client/ui/node_modules/jest-environment-jsdom/node_modules/jsdom/lib/jsdom/living/events/EventTarget-impl.js:193:27)\n    at HTMLUnknownElementImpl._dispatch (/Users/calumbutler/Projects/gigantum-client/ui/node_modules/jest-environment-jsdom/node_modules/jsdom/lib/jsdom/living/events/EventTarget-impl.js:119:9)\n    at HTMLUnknownElementImpl.dispatchEvent (/Users/calumbutler/Projects/gigantum-client/ui/node_modules/jest-environment-jsdom/node_modules/jsdom/lib/jsdom/living/events/EventTarget-impl.js:82:17)\n    at HTMLUnknownElementImpl.dispatchEvent (/Users/calumbutler/Projects/gigantum-client/ui/node_modules/jest-environment-jsdom/node_modules/jsdom/lib/jsdom/living/nodes/HTMLElement-impl.js:30:27)\n    at HTMLUnknownElement.dispatchEvent (/Users/calumbutler/Projects/gigantum-client/ui/node_modules/jest-environment-jsdom/node_modules/jsdom/lib/jsdom/living/generated/EventTarget.js:157:21)\n    at Object.invokeGuardedCallbackDev (/Users/calumbutler/Projects/gigantum-client/ui/node_modules/react-dom/cjs/react-dom.development.js:237:16)\n    at invokeGuardedCallback (/Users/calumbutler/Projects/gigantum-client/ui/node_modules/react-dom/cjs/react-dom.development.js:292:31)\n    at beginWork$1 (/Users/calumbutler/Projects/gigantum-client/ui/node_modules/react-dom/cjs/react-dom.development.js:23203:7)\n    at performUnitOfWork (/Users/calumbutler/Projects/gigantum-client/ui/node_modules/react-dom/cjs/react-dom.development.js:22157:12)\n    at workLoopSync (/Users/calumbutler/Projects/gigantum-client/ui/node_modules/react-dom/cjs/react-dom.development.js:22130:22)\n    at performSyncWorkOnRoot (/Users/calumbutler/Projects/gigantum-client/ui/node_modules/react-dom/cjs/react-dom.development.js:21756:9)\n    at scheduleUpdateOnFiber (/Users/calumbutler/Projects/gigantum-client/ui/node_modules/react-dom/cjs/react-dom.development.js:21188:7)\n    at updateContainer (/Users/calumbutler/Projects/gigantum-client/ui/node_modules/react-dom/cjs/react-dom.development.js:24373:3)\n    at /Users/calumbutler/Projects/gigantum-client/ui/node_modules/react-dom/cjs/react-dom.development.js:24758:7\n    at unbatchedUpdates (/Users/calumbutler/Projects/gigantum-client/ui/node_modules/react-dom/cjs/react-dom.development.js:21903:12)\n    at legacyRenderSubtreeIntoContainer (/Users/calumbutler/Projects/gigantum-client/ui/node_modules/react-dom/cjs/react-dom.development.js:24757:5)\n    at Object.render (/Users/calumbutler/Projects/gigantum-client/ui/node_modules/react-dom/cjs/react-dom.development.js:24840:10)\n    at Object.render (/Users/calumbutler/Projects/gigantum-client/ui/node_modules/enzyme-adapter-react-16/build/ReactSixteenAdapter.js:367:114)\n    at new ReactWrapper (/Users/calumbutler/Projects/gigantum-client/ui/node_modules/enzyme/build/ReactWrapper.js:134:16)\n    at mount (/Users/calumbutler/Projects/gigantum-client/ui/node_modules/enzyme/build/mount.js:21:10)\n    at test (/Users/calumbutler/Projects/gigantum-client/ui/src/js/components/helper/__tests__/Helper.test.js:26:25)\n    at Object.<anonymous> (/Users/calumbutler/Projects/gigantum-client/ui/node_modules/@storybook/addon-storyshots/dist/api/snapshotsTestsTemplate.js:42:20)\n    at Object.asyncJestTest (/Users/calumbutler/Projects/gigantum-client/ui/node_modules/jest-jasmine2/build/jasmine_async.js:108:37)\n    at /Users/calumbutler/Projects/gigantum-client/ui/node_modules/jest-jasmine2/build/queue_runner.js:56:12\n    at new Promise (<anonymous>)\n    at mapper (/Users/calumbutler/Projects/gigantum-client/ui/node_modules/jest-jasmine2/build/queue_runner.js:43:19)\n    at /Users/calumbutler/Projects/gigantum-client/ui/node_modules/jest-jasmine2/build/queue_runner.js:87:41\n    at processTicksAndRejections (internal/process/task_queues.js:93:5)"],"fullName":"Storyshots Components/Helper Snapshots: Helper Packages","location":null,"status":"failed","title":"Helper Packages"}],"endTime":1610483204532,"message":"\u001b[1m\u001b[31m  \u001b[1m● \u001b[1mHelper Unit Tests: › encountered a declaration exception\u001b[39m\u001b[22m\n\n    Invariant Violation: Could not find \"store\" in the context of \"Connect(Helper)\". Either wrap the root component in a <Provider>, or pass a custom React context provider to <Provider> and the corresponding React context consumer to Connect(Helper) in connect options.\n\u001b[2m\u001b[22m\n\u001b[2m    \u001b[0m \u001b[90m 38 | \u001b[39m\u001b[0m\u001b[22m\n\u001b[2m    \u001b[0m \u001b[90m 39 | \u001b[39mdescribe(\u001b[32m'Helper Unit Tests:'\u001b[39m\u001b[33m,\u001b[39m () \u001b[33m=>\u001b[39m {\u001b[0m\u001b[22m\n\u001b[2m    \u001b[0m\u001b[31m\u001b[1m>\u001b[2m\u001b[39m\u001b[90m 40 | \u001b[39m  \u001b[36mconst\u001b[39m output \u001b[33m=\u001b[39m mount(\u001b[33m<\u001b[39m\u001b[33mHelperDragDropContext\u001b[39m \u001b[33m/\u001b[39m\u001b[33m>\u001b[39m)\u001b[33m;\u001b[39m\u001b[0m\u001b[22m\n\u001b[2m    \u001b[0m \u001b[90m    | \u001b[39m                 \u001b[31m\u001b[1m^\u001b[2m\u001b[39m\u001b[0m\u001b[22m\n\u001b[2m    \u001b[0m \u001b[90m 41 | \u001b[39m\u001b[0m\u001b[22m\n\u001b[2m    \u001b[0m \u001b[90m 42 | \u001b[39m  test(\u001b[32m'Helper has 3 sections'\u001b[39m\u001b[33m,\u001b[39m () \u001b[33m=>\u001b[39m {\u001b[0m\u001b[22m\n\u001b[2m    \u001b[0m \u001b[90m 43 | \u001b[39m    \u001b[36mconst\u001b[39m section \u001b[33m=\u001b[39m output\u001b[33m.\u001b[39mfind(\u001b[32m'.Helper__filter-section'\u001b[39m)\u001b[33m;\u001b[39m\u001b[0m\u001b[22m\n\u001b[2m\u001b[22m\n\u001b[2m      \u001b[2mat invariant (\u001b[2m\u001b[0m\u001b[36mnode_modules/invariant/invariant.js\u001b[39m\u001b[0m\u001b[2m:40:15)\u001b[2m\u001b[22m\n\u001b[2m      \u001b[2mat Connect.renderWrappedComponent (\u001b[2m\u001b[0m\u001b[36mnode_modules/react-redux/lib/components/connectAdvanced.js\u001b[39m\u001b[0m\u001b[2m:172:32)\u001b[2m\u001b[22m\n\u001b[2m      \u001b[2mat Connect.indirectRenderWrappedComponent (\u001b[2m\u001b[0m\u001b[36mnode_modules/react-redux/lib/components/connectAdvanced.js\u001b[39m\u001b[0m\u001b[2m:168:21)\u001b[2m\u001b[22m\n\u001b[2m      \u001b[2mat updateContextConsumer (\u001b[2m\u001b[0m\u001b[36mnode_modules/react-dom/cjs/react-dom.development.js\u001b[39m\u001b[0m\u001b[2m:18304:19)\u001b[2m\u001b[22m\n\u001b[2m      \u001b[2mat beginWork (\u001b[2m\u001b[0m\u001b[36mnode_modules/react-dom/cjs/react-dom.development.js\u001b[39m\u001b[0m\u001b[2m:18661:14)\u001b[2m\u001b[22m\n\u001b[2m      \u001b[2mat HTMLUnknownElement.callCallback (\u001b[2m\u001b[0m\u001b[36mnode_modules/react-dom/cjs/react-dom.development.js\u001b[39m\u001b[0m\u001b[2m:188:14)\u001b[2m\u001b[22m\n\u001b[2m      \u001b[2mat Object.invokeGuardedCallbackDev (\u001b[2m\u001b[0m\u001b[36mnode_modules/react-dom/cjs/react-dom.development.js\u001b[39m\u001b[0m\u001b[2m:237:16)\u001b[2m\u001b[22m\n\u001b[2m      \u001b[2mat invokeGuardedCallback (\u001b[2m\u001b[0m\u001b[36mnode_modules/react-dom/cjs/react-dom.development.js\u001b[39m\u001b[0m\u001b[2m:292:31)\u001b[2m\u001b[22m\n\u001b[2m      \u001b[2mat beginWork$1 (\u001b[2m\u001b[0m\u001b[36mnode_modules/react-dom/cjs/react-dom.development.js\u001b[39m\u001b[0m\u001b[2m:23203:7)\u001b[2m\u001b[22m\n\u001b[2m      \u001b[2mat performUnitOfWork (\u001b[2m\u001b[0m\u001b[36mnode_modules/react-dom/cjs/react-dom.development.js\u001b[39m\u001b[0m\u001b[2m:22157:12)\u001b[2m\u001b[22m\n\u001b[2m      \u001b[2mat workLoopSync (\u001b[2m\u001b[0m\u001b[36mnode_modules/react-dom/cjs/react-dom.development.js\u001b[39m\u001b[0m\u001b[2m:22130:22)\u001b[2m\u001b[22m\n\u001b[2m      \u001b[2mat performSyncWorkOnRoot (\u001b[2m\u001b[0m\u001b[36mnode_modules/react-dom/cjs/react-dom.development.js\u001b[39m\u001b[0m\u001b[2m:21756:9)\u001b[2m\u001b[22m\n\u001b[2m      \u001b[2mat scheduleUpdateOnFiber (\u001b[2m\u001b[0m\u001b[36mnode_modules/react-dom/cjs/react-dom.development.js\u001b[39m\u001b[0m\u001b[2m:21188:7)\u001b[2m\u001b[22m\n\u001b[2m      \u001b[2mat updateContainer (\u001b[2m\u001b[0m\u001b[36mnode_modules/react-dom/cjs/react-dom.development.js\u001b[39m\u001b[0m\u001b[2m:24373:3)\u001b[2m\u001b[22m\n\u001b[2m      \u001b[2mat \u001b[2m\u001b[0m\u001b[36mnode_modules/react-dom/cjs/react-dom.development.js\u001b[39m\u001b[0m\u001b[2m:24758:7\u001b[2m\u001b[22m\n\u001b[2m      \u001b[2mat unbatchedUpdates (\u001b[2m\u001b[0m\u001b[36mnode_modules/react-dom/cjs/react-dom.development.js\u001b[39m\u001b[0m\u001b[2m:21903:12)\u001b[2m\u001b[22m\n\u001b[2m      \u001b[2mat legacyRenderSubtreeIntoContainer (\u001b[2m\u001b[0m\u001b[36mnode_modules/react-dom/cjs/react-dom.development.js\u001b[39m\u001b[0m\u001b[2m:24757:5)\u001b[2m\u001b[22m\n\u001b[2m      \u001b[2mat Object.render (\u001b[2m\u001b[0m\u001b[36mnode_modules/react-dom/cjs/react-dom.development.js\u001b[39m\u001b[0m\u001b[2m:24840:10)\u001b[2m\u001b[22m\n\u001b[2m      \u001b[2mat Object.render (\u001b[2m\u001b[0m\u001b[36mnode_modules/enzyme-adapter-react-16/build/ReactSixteenAdapter.js\u001b[39m\u001b[0m\u001b[2m:367:114)\u001b[2m\u001b[22m\n\u001b[2m      \u001b[2mat new ReactWrapper (\u001b[2m\u001b[0m\u001b[36mnode_modules/enzyme/build/ReactWrapper.js\u001b[39m\u001b[0m\u001b[2m:134:16)\u001b[2m\u001b[22m\n\u001b[2m      \u001b[2mat mount (\u001b[2m\u001b[0m\u001b[36mnode_modules/enzyme/build/mount.js\u001b[39m\u001b[0m\u001b[2m:21:10)\u001b[2m\u001b[22m\n\u001b[2m      \u001b[2mat Suite.<anonymous> (\u001b[2m\u001b[0m\u001b[36msrc/js/components/helper/__tests__/Helper.stories.jsx\u001b[39m\u001b[0m\u001b[2m:40:18)\u001b[2m\u001b[22m\n\u001b[2m      \u001b[2mat Object.<anonymous> (\u001b[2m\u001b[0m\u001b[36msrc/js/components/helper/__tests__/Helper.stories.jsx\u001b[39m\u001b[0m\u001b[2m:39:1)\u001b[2m\u001b[22m\n\u001b[2m      \u001b[2mat Object.configure [as default] (\u001b[2m\u001b[0m\u001b[36mnode_modules/@storybook/addon-storyshots/dist/frameworks/configure.js\u001b[39m\u001b[0m\u001b[2m:75:23)\u001b[2m\u001b[22m\n\u001b[2m      \u001b[2mat Object.load (\u001b[2m\u001b[0m\u001b[36mnode_modules/@storybook/addon-storyshots/dist/frameworks/react/loader.js\u001b[39m\u001b[0m\u001b[2m:24:24)\u001b[2m\u001b[22m\n\u001b[2m      \u001b[2mat Object.loadFramework [as default] (\u001b[2m\u001b[0m\u001b[36mnode_modules/@storybook/addon-storyshots/dist/frameworks/frameworkLoader.js\u001b[39m\u001b[0m\u001b[2m:26:19)\u001b[2m\u001b[22m\n\u001b[2m      \u001b[2mat testStorySnapshots (\u001b[2m\u001b[0m\u001b[36mnode_modules/@storybook/addon-storyshots/dist/api/index.js\u001b[39m\u001b[0m\u001b[2m:60:39)\u001b[2m\u001b[22m\n\u001b[2m      \u001b[2mat Object.<anonymous> (\u001b[2m\u001b[0m\u001b[36msrc/js/components/helper/__tests__/Helper.test.js\u001b[39m\u001b[0m\u001b[2m:20:1)\u001b[2m\u001b[22m\n\n\u001b[1m\u001b[31m  \u001b[1m● \u001b[1mStoryshots › Components/Helper Snapshots: › Helper Default\u001b[39m\u001b[22m\n\n    Invariant Violation: Could not find \"store\" in the context of \"Connect(Helper)\". Either wrap the root component in a <Provider>, or pass a custom React context provider to <Provider> and the corresponding React context consumer to Connect(Helper) in connect options.\n\u001b[2m\u001b[22m\n\u001b[2m    \u001b[0m \u001b[90m 24 | \u001b[39m    \u001b[36mconst\u001b[39m snapshotFileName \u001b[33m=\u001b[39m converter\u001b[33m.\u001b[39mgetSnapshotFileName(context)\u001b[33m;\u001b[39m\u001b[0m\u001b[22m\n\u001b[2m    \u001b[0m \u001b[90m 25 | \u001b[39m    \u001b[36mconst\u001b[39m storyElement \u001b[33m=\u001b[39m story\u001b[33m.\u001b[39mrender()\u001b[33m;\u001b[39m\u001b[0m\u001b[22m\n\u001b[2m    \u001b[0m\u001b[31m\u001b[1m>\u001b[2m\u001b[39m\u001b[90m 26 | \u001b[39m    \u001b[36mconst\u001b[39m shallowTree \u001b[33m=\u001b[39m mount(storyElement)\u001b[33m;\u001b[39m\u001b[0m\u001b[22m\n\u001b[2m    \u001b[0m \u001b[90m    | \u001b[39m                        \u001b[31m\u001b[1m^\u001b[2m\u001b[39m\u001b[0m\u001b[22m\n\u001b[2m    \u001b[0m \u001b[90m 27 | \u001b[39m\u001b[0m\u001b[22m\n\u001b[2m    \u001b[0m \u001b[90m 28 | \u001b[39m\u001b[0m\u001b[22m\n\u001b[2m    \u001b[0m \u001b[90m 29 | \u001b[39m    \u001b[36mif\u001b[39m (snapshotFileName) {\u001b[0m\u001b[22m\n\u001b[2m\u001b[22m\n\u001b[2m      \u001b[2mat invariant (\u001b[2m\u001b[0m\u001b[36mnode_modules/invariant/invariant.js\u001b[39m\u001b[0m\u001b[2m:40:15)\u001b[2m\u001b[22m\n\u001b[2m      \u001b[2mat Connect.renderWrappedComponent (\u001b[2m\u001b[0m\u001b[36mnode_modules/react-redux/lib/components/connectAdvanced.js\u001b[39m\u001b[0m\u001b[2m:172:32)\u001b[2m\u001b[22m\n\u001b[2m      \u001b[2mat Connect.indirectRenderWrappedComponent (\u001b[2m\u001b[0m\u001b[36mnode_modules/react-redux/lib/components/connectAdvanced.js\u001b[39m\u001b[0m\u001b[2m:168:21)\u001b[2m\u001b[22m\n\u001b[2m      \u001b[2mat updateContextConsumer (\u001b[2m\u001b[0m\u001b[36mnode_modules/react-dom/cjs/react-dom.development.js\u001b[39m\u001b[0m\u001b[2m:18304:19)\u001b[2m\u001b[22m\n\u001b[2m      \u001b[2mat beginWork (\u001b[2m\u001b[0m\u001b[36mnode_modules/react-dom/cjs/react-dom.development.js\u001b[39m\u001b[0m\u001b[2m:18661:14)\u001b[2m\u001b[22m\n\u001b[2m      \u001b[2mat HTMLUnknownElement.callCallback (\u001b[2m\u001b[0m\u001b[36mnode_modules/react-dom/cjs/react-dom.development.js\u001b[39m\u001b[0m\u001b[2m:188:14)\u001b[2m\u001b[22m\n\u001b[2m      \u001b[2mat Object.invokeGuardedCallbackDev (\u001b[2m\u001b[0m\u001b[36mnode_modules/react-dom/cjs/react-dom.development.js\u001b[39m\u001b[0m\u001b[2m:237:16)\u001b[2m\u001b[22m\n\u001b[2m      \u001b[2mat invokeGuardedCallback (\u001b[2m\u001b[0m\u001b[36mnode_modules/react-dom/cjs/react-dom.development.js\u001b[39m\u001b[0m\u001b[2m:292:31)\u001b[2m\u001b[22m\n\u001b[2m      \u001b[2mat beginWork$1 (\u001b[2m\u001b[0m\u001b[36mnode_modules/react-dom/cjs/react-dom.development.js\u001b[39m\u001b[0m\u001b[2m:23203:7)\u001b[2m\u001b[22m\n\u001b[2m      \u001b[2mat performUnitOfWork (\u001b[2m\u001b[0m\u001b[36mnode_modules/react-dom/cjs/react-dom.development.js\u001b[39m\u001b[0m\u001b[2m:22157:12)\u001b[2m\u001b[22m\n\u001b[2m      \u001b[2mat workLoopSync (\u001b[2m\u001b[0m\u001b[36mnode_modules/react-dom/cjs/react-dom.development.js\u001b[39m\u001b[0m\u001b[2m:22130:22)\u001b[2m\u001b[22m\n\u001b[2m      \u001b[2mat performSyncWorkOnRoot (\u001b[2m\u001b[0m\u001b[36mnode_modules/react-dom/cjs/react-dom.development.js\u001b[39m\u001b[0m\u001b[2m:21756:9)\u001b[2m\u001b[22m\n\u001b[2m      \u001b[2mat scheduleUpdateOnFiber (\u001b[2m\u001b[0m\u001b[36mnode_modules/react-dom/cjs/react-dom.development.js\u001b[39m\u001b[0m\u001b[2m:21188:7)\u001b[2m\u001b[22m\n\u001b[2m      \u001b[2mat updateContainer (\u001b[2m\u001b[0m\u001b[36mnode_modules/react-dom/cjs/react-dom.development.js\u001b[39m\u001b[0m\u001b[2m:24373:3)\u001b[2m\u001b[22m\n\u001b[2m      \u001b[2mat \u001b[2m\u001b[0m\u001b[36mnode_modules/react-dom/cjs/react-dom.development.js\u001b[39m\u001b[0m\u001b[2m:24758:7\u001b[2m\u001b[22m\n\u001b[2m      \u001b[2mat unbatchedUpdates (\u001b[2m\u001b[0m\u001b[36mnode_modules/react-dom/cjs/react-dom.development.js\u001b[39m\u001b[0m\u001b[2m:21903:12)\u001b[2m\u001b[22m\n\u001b[2m      \u001b[2mat legacyRenderSubtreeIntoContainer (\u001b[2m\u001b[0m\u001b[36mnode_modules/react-dom/cjs/react-dom.development.js\u001b[39m\u001b[0m\u001b[2m:24757:5)\u001b[2m\u001b[22m\n\u001b[2m      \u001b[2mat Object.render (\u001b[2m\u001b[0m\u001b[36mnode_modules/react-dom/cjs/react-dom.development.js\u001b[39m\u001b[0m\u001b[2m:24840:10)\u001b[2m\u001b[22m\n\u001b[2m      \u001b[2mat Object.render (\u001b[2m\u001b[0m\u001b[36mnode_modules/enzyme-adapter-react-16/build/ReactSixteenAdapter.js\u001b[39m\u001b[0m\u001b[2m:367:114)\u001b[2m\u001b[22m\n\u001b[2m      \u001b[2mat new ReactWrapper (\u001b[2m\u001b[0m\u001b[36mnode_modules/enzyme/build/ReactWrapper.js\u001b[39m\u001b[0m\u001b[2m:134:16)\u001b[2m\u001b[22m\n\u001b[2m      \u001b[2mat mount (\u001b[2m\u001b[0m\u001b[36mnode_modules/enzyme/build/mount.js\u001b[39m\u001b[0m\u001b[2m:21:10)\u001b[2m\u001b[22m\n\u001b[2m      \u001b[2mat test (\u001b[2m\u001b[0m\u001b[36msrc/js/components/helper/__tests__/Helper.test.js\u001b[39m\u001b[0m\u001b[2m:26:25)\u001b[2m\u001b[22m\n\u001b[2m      \u001b[2mat Object.<anonymous> (\u001b[2m\u001b[0m\u001b[36mnode_modules/@storybook/addon-storyshots/dist/api/snapshotsTestsTemplate.js\u001b[39m\u001b[0m\u001b[2m:42:20)\u001b[2m\u001b[22m\n\n\u001b[1m\u001b[31m  \u001b[1m● \u001b[1mStoryshots › Components/Helper Snapshots: › Helper Packages\u001b[39m\u001b[22m\n\n    Invariant Violation: Could not find \"store\" in the context of \"Connect(Helper)\". Either wrap the root component in a <Provider>, or pass a custom React context provider to <Provider> and the corresponding React context consumer to Connect(Helper) in connect options.\n\u001b[2m\u001b[22m\n\u001b[2m    \u001b[0m \u001b[90m 24 | \u001b[39m    \u001b[36mconst\u001b[39m snapshotFileName \u001b[33m=\u001b[39m converter\u001b[33m.\u001b[39mgetSnapshotFileName(context)\u001b[33m;\u001b[39m\u001b[0m\u001b[22m\n\u001b[2m    \u001b[0m \u001b[90m 25 | \u001b[39m    \u001b[36mconst\u001b[39m storyElement \u001b[33m=\u001b[39m story\u001b[33m.\u001b[39mrender()\u001b[33m;\u001b[39m\u001b[0m\u001b[22m\n\u001b[2m    \u001b[0m\u001b[31m\u001b[1m>\u001b[2m\u001b[39m\u001b[90m 26 | \u001b[39m    \u001b[36mconst\u001b[39m shallowTree \u001b[33m=\u001b[39m mount(storyElement)\u001b[33m;\u001b[39m\u001b[0m\u001b[22m\n\u001b[2m    \u001b[0m \u001b[90m    | \u001b[39m                        \u001b[31m\u001b[1m^\u001b[2m\u001b[39m\u001b[0m\u001b[22m\n\u001b[2m    \u001b[0m \u001b[90m 27 | \u001b[39m\u001b[0m\u001b[22m\n\u001b[2m    \u001b[0m \u001b[90m 28 | \u001b[39m\u001b[0m\u001b[22m\n\u001b[2m    \u001b[0m \u001b[90m 29 | \u001b[39m    \u001b[36mif\u001b[39m (snapshotFileName) {\u001b[0m\u001b[22m\n\u001b[2m\u001b[22m\n\u001b[2m      \u001b[2mat invariant (\u001b[2m\u001b[0m\u001b[36mnode_modules/invariant/invariant.js\u001b[39m\u001b[0m\u001b[2m:40:15)\u001b[2m\u001b[22m\n\u001b[2m      \u001b[2mat Connect.renderWrappedComponent (\u001b[2m\u001b[0m\u001b[36mnode_modules/react-redux/lib/components/connectAdvanced.js\u001b[39m\u001b[0m\u001b[2m:172:32)\u001b[2m\u001b[22m\n\u001b[2m      \u001b[2mat Connect.indirectRenderWrappedComponent (\u001b[2m\u001b[0m\u001b[36mnode_modules/react-redux/lib/components/connectAdvanced.js\u001b[39m\u001b[0m\u001b[2m:168:21)\u001b[2m\u001b[22m\n\u001b[2m      \u001b[2mat updateContextConsumer (\u001b[2m\u001b[0m\u001b[36mnode_modules/react-dom/cjs/react-dom.development.js\u001b[39m\u001b[0m\u001b[2m:18304:19)\u001b[2m\u001b[22m\n\u001b[2m      \u001b[2mat beginWork (\u001b[2m\u001b[0m\u001b[36mnode_modules/react-dom/cjs/react-dom.development.js\u001b[39m\u001b[0m\u001b[2m:18661:14)\u001b[2m\u001b[22m\n\u001b[2m      \u001b[2mat HTMLUnknownElement.callCallback (\u001b[2m\u001b[0m\u001b[36mnode_modules/react-dom/cjs/react-dom.development.js\u001b[39m\u001b[0m\u001b[2m:188:14)\u001b[2m\u001b[22m\n\u001b[2m      \u001b[2mat Object.invokeGuardedCallbackDev (\u001b[2m\u001b[0m\u001b[36mnode_modules/react-dom/cjs/react-dom.development.js\u001b[39m\u001b[0m\u001b[2m:237:16)\u001b[2m\u001b[22m\n\u001b[2m      \u001b[2mat invokeGuardedCallback (\u001b[2m\u001b[0m\u001b[36mnode_modules/react-dom/cjs/react-dom.development.js\u001b[39m\u001b[0m\u001b[2m:292:31)\u001b[2m\u001b[22m\n\u001b[2m      \u001b[2mat beginWork$1 (\u001b[2m\u001b[0m\u001b[36mnode_modules/react-dom/cjs/react-dom.development.js\u001b[39m\u001b[0m\u001b[2m:23203:7)\u001b[2m\u001b[22m\n\u001b[2m      \u001b[2mat performUnitOfWork (\u001b[2m\u001b[0m\u001b[36mnode_modules/react-dom/cjs/react-dom.development.js\u001b[39m\u001b[0m\u001b[2m:22157:12)\u001b[2m\u001b[22m\n\u001b[2m      \u001b[2mat workLoopSync (\u001b[2m\u001b[0m\u001b[36mnode_modules/react-dom/cjs/react-dom.development.js\u001b[39m\u001b[0m\u001b[2m:22130:22)\u001b[2m\u001b[22m\n\u001b[2m      \u001b[2mat performSyncWorkOnRoot (\u001b[2m\u001b[0m\u001b[36mnode_modules/react-dom/cjs/react-dom.development.js\u001b[39m\u001b[0m\u001b[2m:21756:9)\u001b[2m\u001b[22m\n\u001b[2m      \u001b[2mat scheduleUpdateOnFiber (\u001b[2m\u001b[0m\u001b[36mnode_modules/react-dom/cjs/react-dom.development.js\u001b[39m\u001b[0m\u001b[2m:21188:7)\u001b[2m\u001b[22m\n\u001b[2m      \u001b[2mat updateContainer (\u001b[2m\u001b[0m\u001b[36mnode_modules/react-dom/cjs/react-dom.development.js\u001b[39m\u001b[0m\u001b[2m:24373:3)\u001b[2m\u001b[22m\n\u001b[2m      \u001b[2mat \u001b[2m\u001b[0m\u001b[36mnode_modules/react-dom/cjs/react-dom.development.js\u001b[39m\u001b[0m\u001b[2m:24758:7\u001b[2m\u001b[22m\n\u001b[2m      \u001b[2mat unbatchedUpdates (\u001b[2m\u001b[0m\u001b[36mnode_modules/react-dom/cjs/react-dom.development.js\u001b[39m\u001b[0m\u001b[2m:21903:12)\u001b[2m\u001b[22m\n\u001b[2m      \u001b[2mat legacyRenderSubtreeIntoContainer (\u001b[2m\u001b[0m\u001b[36mnode_modules/react-dom/cjs/react-dom.development.js\u001b[39m\u001b[0m\u001b[2m:24757:5)\u001b[2m\u001b[22m\n\u001b[2m      \u001b[2mat Object.render (\u001b[2m\u001b[0m\u001b[36mnode_modules/react-dom/cjs/react-dom.development.js\u001b[39m\u001b[0m\u001b[2m:24840:10)\u001b[2m\u001b[22m\n\u001b[2m      \u001b[2mat Object.render (\u001b[2m\u001b[0m\u001b[36mnode_modules/enzyme-adapter-react-16/build/ReactSixteenAdapter.js\u001b[39m\u001b[0m\u001b[2m:367:114)\u001b[2m\u001b[22m\n\u001b[2m      \u001b[2mat new ReactWrapper (\u001b[2m\u001b[0m\u001b[36mnode_modules/enzyme/build/ReactWrapper.js\u001b[39m\u001b[0m\u001b[2m:134:16)\u001b[2m\u001b[22m\n\u001b[2m      \u001b[2mat mount (\u001b[2m\u001b[0m\u001b[36mnode_modules/enzyme/build/mount.js\u001b[39m\u001b[0m\u001b[2m:21:10)\u001b[2m\u001b[22m\n\u001b[2m      \u001b[2mat test (\u001b[2m\u001b[0m\u001b[36msrc/js/components/helper/__tests__/Helper.test.js\u001b[39m\u001b[0m\u001b[2m:26:25)\u001b[2m\u001b[22m\n\u001b[2m      \u001b[2mat Object.<anonymous> (\u001b[2m\u001b[0m\u001b[36mnode_modules/@storybook/addon-storyshots/dist/api/snapshotsTestsTemplate.js\u001b[39m\u001b[0m\u001b[2m:42:20)\u001b[2m\u001b[22m\n","name":"/Users/calumbutler/Projects/gigantum-client/ui/src/js/components/helper/__tests__/Helper.test.js","startTime":1610483198712,"status":"failed","summary":""},{"assertionResults":[{"ancestorTitles":["BrowserSupport Unit Tests:"],"failureMessages":[],"fullName":"BrowserSupport Unit Tests: BrowserSupport has logo","location":null,"status":"passed","title":"BrowserSupport has logo"},{"ancestorTitles":["Storyshots","Components/BrowserSupport"],"failureMessages":[],"fullName":"Storyshots Components/BrowserSupport BrowserSupport Packages","location":null,"status":"passed","title":"BrowserSupport Packages"}],"endTime":1610483205481,"message":"","name":"/Users/calumbutler/Projects/gigantum-client/ui/src/js/components/browserSupport/__tests__/BrowserSupport.test.js","startTime":1610483203547,"status":"passed","summary":""},{"assertionResults":[{"ancestorTitles":["Dropdown Unit Tests:"],"failureMessages":[],"fullName":"Dropdown Unit Tests: Dropdown test item click","location":null,"status":"passed","title":"Dropdown test item click"},{"ancestorTitles":["Dropdown Unit Tests:"],"failureMessages":[],"fullName":"Dropdown Unit Tests: Category test toggle tooltip","location":null,"status":"passed","title":"Category test toggle tooltip"},{"ancestorTitles":["Storyshots","Components/Dropdown"],"failureMessages":[],"fullName":"Storyshots Components/Dropdown Category Default","location":null,"status":"passed","title":"Category Default"}],"endTime":1610483205728,"message":"","name":"/Users/calumbutler/Projects/gigantum-client/ui/src/js/components/dropdown/__tests__/Dropdown.test.js","startTime":1610483203770,"status":"passed","summary":""}],"wasInterrupted":false}